<?xml version="1.0" encoding="UTF-8"?>
<!-- Generated by org.testng.reporters.JUnitReportReporter -->
<testsuite hostname="SANTOSH" failures="0" tests="3" name="ToolQA.ToolQARawTestcases" time="24.069" errors="0" timestamp="2023-12-23T16:32:32 IST" skipped="0">
  <testcase classname="ToolQA.ToolQARawTestcases" name="element" time="16.601"/>
  <system-out/>
  <testcase classname="ToolQA.ToolQARawTestcases" name="checkbox" time="5.158"/>
  <system-out/>
  <testcase classname="ToolQA.ToolQARawTestcases" name="Radiobutton" time="2.310"/>
  <system-out/>
</testsuite> <!-- ToolQA.ToolQARawTestcases -->
